<?xml version="1.0" encoding="UTF-8"?>
<testng-results total="1" passed="1" failed="0" skipped="0">
  <reporter-output>
  </reporter-output>
  <suite started-at="2021-11-14T19:29:42Z" name="Surefire suite" finished-at="2021-11-14T19:29:42Z" duration-ms="236">
    <groups>
    </groups>
    <test started-at="2021-11-14T19:29:42Z" name="Surefire test" finished-at="2021-11-14T19:29:42Z" duration-ms="236">
      <class name="com.company.InputDataTest">
        <test-method signature="resultString()[pri:0, instance:resultString(com.company.InputDataTest)]" started-at="2021-11-14T21:29:42Z" name="resultString" finished-at="2021-11-14T21:29:42Z" duration-ms="29" status="PASS">
          <reporter-output>
          </reporter-output>
        </test-method> <!-- resultString -->
      </class> <!-- com.company.InputDataTest -->
    </test> <!-- Surefire test -->
  </suite> <!-- Surefire suite -->
</testng-results>
